2025-11-29 12:00:41,359 - utils.schedular - INFO - ==================================================
2025-11-29 12:00:41,359 - utils.schedular - INFO - 📅 SCHEDULER SOZLANMOQDA...
2025-11-29 12:00:41,360 - utils.schedular - INFO - ==================================================
2025-11-29 12:00:41,360 - apscheduler.scheduler - INFO - Adding job tentatively -- it will be properly scheduled when the scheduler starts
2025-11-29 12:00:41,360 - utils.schedular - INFO - ✅ Scheduler qo'shildi: 11:00 (har kuni)
2025-11-29 12:00:41,360 - apscheduler.scheduler - INFO - Adding job tentatively -- it will be properly scheduled when the scheduler starts
2025-11-29 12:00:41,360 - utils.schedular - INFO - ✅ Scheduler qo'shildi: 15:00 (har kuni)
2025-11-29 12:00:41,360 - apscheduler.scheduler - INFO - Adding job tentatively -- it will be properly scheduled when the scheduler starts
2025-11-29 12:00:41,361 - utils.schedular - INFO - ✅ Scheduler qo'shildi: 20:00 (har kuni)
2025-11-29 12:00:41,361 - utils.schedular - INFO - ==================================================
2025-11-29 12:00:41,361 - utils.schedular - INFO - 📊 Jami 3 ta avtomatik post sozlandi
2025-11-29 12:00:41,361 - utils.schedular - INFO - 📦 Har bir post: 3 ta random tovar
2025-11-29 12:00:41,361 - utils.schedular - INFO - ==================================================
2025-11-29 12:00:41,361 - apscheduler.scheduler - INFO - Added job "Avtomatik post - 11:00" to job store "default"
2025-11-29 12:00:41,361 - apscheduler.scheduler - INFO - Added job "Avtomatik post - 15:00" to job store "default"
2025-11-29 12:00:41,362 - apscheduler.scheduler - INFO - Added job "Avtomatik post - 20:00" to job store "default"
2025-11-29 12:00:41,362 - apscheduler.scheduler - INFO - Scheduler started
2025-11-29 12:00:41,362 - __main__ - INFO - Scheduler ishga tushdi
2025-11-29 12:00:41,362 - __main__ - INFO - Polling boshlandi...
2025-11-29 12:00:41,362 - __main__ - INFO - Bot ishga tushmoqda...
2025-11-29 12:00:42,202 - __main__ - ERROR - Adminga xabar yuborishda xatolik: Telegram server says - Bad Request: chat not found
2025-11-29 12:00:42,202 - __main__ - INFO - Bot muvaffaqiyatli ishga tushdi!
2025-11-29 12:00:42,202 - aiogram.dispatcher - INFO - Start polling
2025-11-29 12:00:42,312 - aiogram.dispatcher - INFO - Run polling for bot @r9_toq_bot id=8281565704 - 'R9Bot'
2025-11-29 12:00:56,858 - aiogram.event - INFO - Update id=291028662 is handled. Duration 437 ms by bot id=8281565704
2025-11-29 12:00:58,960 - aiogram.event - INFO - Update id=291028663 is handled. Duration 172 ms by bot id=8281565704
2025-11-29 12:01:04,412 - aiogram.event - INFO - Update id=291028664 is handled. Duration 297 ms by bot id=8281565704
2025-11-29 12:01:06,136 - aiogram.event - INFO - Update id=291028665 is handled. Duration 202 ms by bot id=8281565704
2025-11-29 12:01:08,110 - aiogram.event - INFO - Update id=291028666 is handled. Duration 437 ms by bot id=8281565704
2025-11-29 12:01:10,261 - aiogram.event - INFO - Update id=291028667 is handled. Duration 140 ms by bot id=8281565704
2025-11-29 12:01:13,047 - aiogram.event - INFO - Update id=291028668 is handled. Duration 218 ms by bot id=8281565704
2025-11-29 12:01:16,790 - aiogram.event - INFO - Update id=291028669 is handled. Duration 282 ms by bot id=8281565704
2025-11-29 12:01:18,756 - aiogram.event - INFO - Update id=291028670 is handled. Duration 233 ms by bot id=8281565704
2025-11-29 12:01:20,814 - database.json_db - INFO - ✅ Tovar qo'shildi: wdsd (ID: 1)
2025-11-29 12:01:21,014 - aiogram.event - INFO - Update id=291028671 is handled. Duration 202 ms by bot id=8281565704
2025-11-29 12:01:25,399 - aiogram.event - INFO - Update id=291028672 is handled. Duration 202 ms by bot id=8281565704
2025-11-29 12:01:27,542 - aiogram.event - INFO - Update id=291028673 is handled. Duration 202 ms by bot id=8281565704
2025-11-29 12:01:29,509 - aiogram.event - INFO - Update id=291028674 is handled. Duration 545 ms by bot id=8281565704
2025-11-29 12:01:30,596 - aiogram.event - INFO - Update id=291028675 is handled. Duration 265 ms by bot id=8281565704
2025-11-29 12:01:34,137 - aiogram.event - INFO - Update id=291028676 is handled. Duration 515 ms by bot id=8281565704
2025-11-29 12:01:35,568 - database.json_db - INFO - ✅ Tovar o'chirildi: ID 1
2025-11-29 12:01:36,267 - aiogram.event - INFO - Update id=291028677 is handled. Duration 702 ms by bot id=8281565704
2025-11-29 12:01:40,720 - aiogram.dispatcher - INFO - Polling stopped for bot @r9_toq_bot id=8281565704 - 'R9Bot'
2025-11-29 12:01:40,720 - aiogram.dispatcher - INFO - Polling stopped
2025-11-29 12:01:40,720 - __main__ - INFO - Bot to'xtatilmoqda...
2025-11-29 12:01:41,042 - __main__ - ERROR - Adminga xabar yuborishda xatolik: Telegram server says - Bad Request: chat not found
2025-11-29 12:01:41,042 - __main__ - INFO - Bot to'xtatildi
2025-11-29 12:01:41,295 - apscheduler.scheduler - INFO - Scheduler has been shut down
2025-11-29 12:01:41,296 - __main__ - INFO - Bot to'xtatildi (KeyboardInterrupt)
2025-12-12 11:32:51,969 - utils.schedular - INFO - ==================================================
2025-12-12 11:32:51,969 - utils.schedular - INFO - 📅 SCHEDULER SOZLANMOQDA...
2025-12-12 11:32:51,969 - utils.schedular - INFO - ==================================================
2025-12-12 11:32:51,969 - apscheduler.scheduler - INFO - Adding job tentatively -- it will be properly scheduled when the scheduler starts
2025-12-12 11:32:51,970 - utils.schedular - INFO - ✅ Scheduler qo'shildi: 11:00 (har kuni)
2025-12-12 11:32:51,970 - apscheduler.scheduler - INFO - Adding job tentatively -- it will be properly scheduled when the scheduler starts
2025-12-12 11:32:51,970 - utils.schedular - INFO - ✅ Scheduler qo'shildi: 15:00 (har kuni)
2025-12-12 11:32:51,970 - apscheduler.scheduler - INFO - Adding job tentatively -- it will be properly scheduled when the scheduler starts
2025-12-12 11:32:51,970 - utils.schedular - INFO - ✅ Scheduler qo'shildi: 20:00 (har kuni)
2025-12-12 11:32:51,970 - utils.schedular - INFO - ==================================================
2025-12-12 11:32:51,970 - utils.schedular - INFO - 📊 Jami 3 ta avtomatik post sozlandi
2025-12-12 11:32:51,970 - utils.schedular - INFO - 📦 Har bir post: 3 ta random tovar
2025-12-12 11:32:51,970 - utils.schedular - INFO - ==================================================
2025-12-12 11:32:51,971 - apscheduler.scheduler - INFO - Added job "Avtomatik post - 11:00" to job store "default"
2025-12-12 11:32:51,972 - apscheduler.scheduler - INFO - Added job "Avtomatik post - 15:00" to job store "default"
2025-12-12 11:32:51,972 - apscheduler.scheduler - INFO - Added job "Avtomatik post - 20:00" to job store "default"
2025-12-12 11:32:51,972 - apscheduler.scheduler - INFO - Scheduler started
2025-12-12 11:32:51,972 - __main__ - INFO - Scheduler ishga tushdi
2025-12-12 11:32:51,972 - __main__ - INFO - Polling boshlandi...
2025-12-12 11:32:51,972 - __main__ - INFO - Bot ishga tushmoqda...
2025-12-12 11:32:53,102 - __main__ - INFO - Bot muvaffaqiyatli ishga tushdi!
2025-12-12 11:32:53,102 - aiogram.dispatcher - INFO - Start polling
2025-12-12 11:32:53,299 - aiogram.dispatcher - INFO - Run polling for bot @xitoy_express1_bot id=8210693370 - 'ONLINE SHOP BFF'
2025-12-12 11:32:54,154 - aiogram.event - INFO - Update id=719955839 is handled. Duration 609 ms by bot id=8210693370
2025-12-12 11:33:06,809 - aiogram.event - INFO - Update id=719955840 is handled. Duration 906 ms by bot id=8210693370
2025-12-12 11:33:09,211 - aiogram.event - INFO - Update id=719955841 is handled. Duration 327 ms by bot id=8210693370
2025-12-12 11:33:14,487 - aiogram.event - INFO - Update id=719955842 is handled. Duration 250 ms by bot id=8210693370
2025-12-12 11:33:27,096 - aiogram.event - INFO - Update id=719955843 is handled. Duration 344 ms by bot id=8210693370
2025-12-12 11:33:28,256 - aiogram.event - INFO - Update id=719955844 is handled. Duration 187 ms by bot id=8210693370
2025-12-12 11:33:29,436 - aiogram.event - INFO - Update id=719955845 is handled. Duration 202 ms by bot id=8210693370
2025-12-12 11:33:30,999 - aiogram.event - INFO - Update id=719955846 is handled. Duration 765 ms by bot id=8210693370
2025-12-12 11:33:31,963 - aiogram.event - INFO - Update id=719955847 is handled. Duration 375 ms by bot id=8210693370
2025-12-12 11:33:34,670 - aiogram.event - INFO - Update id=719955848 is handled. Duration 375 ms by bot id=8210693370
2025-12-12 11:33:36,268 - aiogram.event - INFO - Update id=719955849 is handled. Duration 515 ms by bot id=8210693370
2025-12-12 11:33:38,323 - aiogram.dispatcher - INFO - Polling stopped for bot @xitoy_express1_bot id=8210693370 - 'ONLINE SHOP BFF'
2025-12-12 11:33:38,323 - aiogram.dispatcher - INFO - Polling stopped
2025-12-12 11:33:38,323 - __main__ - INFO - Bot to'xtatilmoqda...
2025-12-12 11:33:38,974 - __main__ - INFO - Bot to'xtatildi
2025-12-12 11:33:39,229 - apscheduler.scheduler - INFO - Scheduler has been shut down
2025-12-12 11:33:39,230 - __main__ - INFO - Bot to'xtatildi (KeyboardInterrupt)
2025-12-19 12:11:33,619 - utils.schedular - INFO - ==================================================
2025-12-19 12:11:33,619 - utils.schedular - INFO - 📅 SCHEDULER SOZLANMOQDA...
2025-12-19 12:11:33,619 - utils.schedular - INFO - ==================================================
2025-12-19 12:11:33,619 - apscheduler.scheduler - INFO - Adding job tentatively -- it will be properly scheduled when the scheduler starts
2025-12-19 12:11:33,619 - utils.schedular - INFO - ✅ Scheduler qo'shildi: 11:00 (har kuni)
2025-12-19 12:11:33,619 - apscheduler.scheduler - INFO - Adding job tentatively -- it will be properly scheduled when the scheduler starts
2025-12-19 12:11:33,619 - utils.schedular - INFO - ✅ Scheduler qo'shildi: 15:00 (har kuni)
2025-12-19 12:11:33,619 - apscheduler.scheduler - INFO - Adding job tentatively -- it will be properly scheduled when the scheduler starts
2025-12-19 12:11:33,619 - utils.schedular - INFO - ✅ Scheduler qo'shildi: 20:00 (har kuni)
2025-12-19 12:11:33,619 - utils.schedular - INFO - ==================================================
2025-12-19 12:11:33,620 - utils.schedular - INFO - 📊 Jami 3 ta avtomatik post sozlandi
2025-12-19 12:11:33,620 - utils.schedular - INFO - 📦 Har bir post: 3 ta random tovar
2025-12-19 12:11:33,620 - utils.schedular - INFO - ==================================================
2025-12-19 12:11:33,620 - apscheduler.scheduler - INFO - Added job "Avtomatik post - 11:00" to job store "default"
2025-12-19 12:11:33,620 - apscheduler.scheduler - INFO - Added job "Avtomatik post - 15:00" to job store "default"
2025-12-19 12:11:33,620 - apscheduler.scheduler - INFO - Added job "Avtomatik post - 20:00" to job store "default"
2025-12-19 12:11:33,620 - apscheduler.scheduler - INFO - Scheduler started
2025-12-19 12:11:33,620 - __main__ - INFO - Scheduler ishga tushdi
2025-12-19 12:11:33,620 - __main__ - INFO - Polling boshlandi...
2025-12-19 12:11:33,620 - __main__ - INFO - Bot ishga tushmoqda...
2025-12-19 12:11:34,304 - __main__ - INFO - Bot muvaffaqiyatli ishga tushdi!
2025-12-19 12:11:34,304 - aiogram.dispatcher - INFO - Start polling
2025-12-19 12:11:34,412 - aiogram.dispatcher - INFO - Run polling for bot @xitoy_express1_bot id=8210693370 - 'ONLINE SHOP BFF'
2025-12-19 12:11:37,880 - aiogram.dispatcher - ERROR - Failed to fetch updates - TelegramConflictError: Telegram server says - Conflict: terminated by other getUpdates request; make sure that only one bot instance is running
2025-12-19 12:11:37,880 - aiogram.dispatcher - WARNING - Sleep for 1.000000 seconds and try again... (tryings = 0, bot id = 8210693370)
2025-12-19 12:11:39,115 - aiogram.dispatcher - INFO - Polling stopped
2025-12-19 12:11:39,115 - __main__ - INFO - Bot to'xtatilmoqda...
2025-12-19 12:11:39,768 - __main__ - INFO - Bot to'xtatildi
2025-12-19 12:11:39,769 - aiogram.dispatcher - ERROR - Failed to fetch updates - TelegramNetworkError: HTTP Client says - ServerDisconnectedError: Server disconnected
2025-12-19 12:11:39,769 - aiogram.dispatcher - WARNING - Sleep for 1.237248 seconds and try again... (tryings = 1, bot id = 8210693370)
2025-12-19 12:11:40,023 - apscheduler.scheduler - INFO - Scheduler has been shut down
2025-12-19 12:11:40,023 - aiogram.dispatcher - INFO - Polling stopped for bot @xitoy_express1_bot id=8210693370 - 'ONLINE SHOP BFF'
2025-12-19 12:11:40,024 - __main__ - INFO - Bot to'xtatildi (KeyboardInterrupt)
